*** Starting uWSGI 2.0.18 (64bit) on [Sat Nov  9 14:49:31 2019] ***
compiled with version: 5.4.0 20160609 on 09 November 2019 06:43:33
os: Linux-4.4.0-151-generic #178-Ubuntu SMP Tue Jun 11 08:30:22 UTC 2019
nodename: iZm5eab8t820b52ennvp74Z
machine: x86_64
clock source: unix
detected number of CPU cores: 1
current working directory: /www/csdnServer
writing pidfile to /www/csdnServer/uwsgi.pid
detected binary path: /root/.virtualenvs/csdnvirt/bin/uwsgi
!!! no internal routing support, rebuild with pcre support !!!
uWSGI running as root, you can use --uid/--gid/--chroot options
*** WARNING: you are running uWSGI as root !!! (use the --uid flag) *** 
chdir() to /www/csdnServer
your processes number limit is 7846
your memory page size is 4096 bytes
detected max file descriptor number: 65535
lock engine: pthread robust mutexes
thunder lock: disabled (you can enable it with --thunder-lock)
uwsgi socket 0 bound to TCP address 127.0.0.1:8000 fd 3
uWSGI running as root, you can use --uid/--gid/--chroot options
*** WARNING: you are running uWSGI as root !!! (use the --uid flag) *** 
Python version: 3.6.8 (default, Oct  9 2019, 14:04:01)  [GCC 5.4.0 20160609]
*** Python threads support is disabled. You can enable it with --enable-threads ***
Python main interpreter initialized at 0xd29ac0
uWSGI running as root, you can use --uid/--gid/--chroot options
*** WARNING: you are running uWSGI as root !!! (use the --uid flag) *** 
your server socket listen backlog is limited to 100 connections
your mercy for graceful operations on workers is 60 seconds
mapped 145808 bytes (142 KB) for 1 cores
*** Operational MODE: single process ***
WSGI app 0 (mountpoint='') ready in 1 seconds on interpreter 0xd29ac0 pid: 9033 (default app)
mountpoint  already configured. skip.
uWSGI running as root, you can use --uid/--gid/--chroot options
*** WARNING: you are running uWSGI as root !!! (use the --uid flag) *** 
*** uWSGI is running in multiple interpreter mode ***
spawned uWSGI master process (pid: 9033)
spawned uWSGI worker 1 (pid: 9035, cores: 1)
...brutally killing workers...
Gracefully killing worker 1 (pid: 9035)...
worker 1 buried after 1 seconds
binary reloading uWSGI...
chdir() to /www/csdnServer
closing all non-uwsgi socket fds > 2 (max_fd = 65535)...
found fd 3 mapped to socket 0 (127.0.0.1:8000)
running /root/.virtualenvs/csdnvirt/bin/uwsgi
[uWSGI] getting INI configuration from uwsgi.ini
*** Starting uWSGI 2.0.18 (64bit) on [Wed Nov 27 15:06:13 2019] ***
compiled with version: 5.4.0 20160609 on 09 November 2019 06:43:33
os: Linux-4.4.0-151-generic #178-Ubuntu SMP Tue Jun 11 08:30:22 UTC 2019
nodename: iZm5eab8t820b52ennvp74Z
machine: x86_64
clock source: unix
detected number of CPU cores: 1
current working directory: /www/csdnServer
detected binary path: /root/.virtualenvs/csdnvirt/bin/uwsgi
!!! no internal routing support, rebuild with pcre support !!!
uWSGI running as root, you can use --uid/--gid/--chroot options
*** WARNING: you are running uWSGI as root !!! (use the --uid flag) *** 
chdir() to /www/csdnServer
your processes number limit is 7846
your memory page size is 4096 bytes
detected max file descriptor number: 65535
lock engine: pthread robust mutexes
thunder lock: disabled (you can enable it with --thunder-lock)
uwsgi socket 0 inherited INET address 127.0.0.1:8000 fd 3
uWSGI running as root, you can use --uid/--gid/--chroot options
*** WARNING: you are running uWSGI as root !!! (use the --uid flag) *** 
Python version: 3.6.8 (default, Oct  9 2019, 14:04:01)  [GCC 5.4.0 20160609]
*** Python threads support is disabled. You can enable it with --enable-threads ***
Python main interpreter initialized at 0xab9650
uWSGI running as root, you can use --uid/--gid/--chroot options
*** WARNING: you are running uWSGI as root !!! (use the --uid flag) *** 
your server socket listen backlog is limited to 100 connections
your mercy for graceful operations on workers is 60 seconds
mapped 145808 bytes (142 KB) for 1 cores
*** Operational MODE: single process ***
WSGI app 0 (mountpoint='') ready in 0 seconds on interpreter 0xab9650 pid: 9033 (default app)
mountpoint  already configured. skip.
uWSGI running as root, you can use --uid/--gid/--chroot options
*** WARNING: you are running uWSGI as root !!! (use the --uid flag) *** 
*** uWSGI is running in multiple interpreter mode ***
gracefully (RE)spawned uWSGI master process (pid: 9033)
spawned uWSGI worker 1 (pid: 7149, cores: 1)
